== list-themes 2020-11-10T10:29:51Z /home/ankit/.oh-my-zsh
== list-themes 2020-11-10T10:29:51Z Deployment END
== list-themes 2020-11-10T10:32:01Z oh-my-zsh directory: /home/ankit/.oh-my-zsh
== list-themes 2020-11-10T10:32:15Z oh-my-zsh directory: /home/ankit/.oh-my-zsh
== list-themes 2020-11-10T10:32:15Z available themes: 
== list-themes 2020-11-10T10:32:15Z Deployment END
== list-themes 2020-11-10T10:33:45Z oh-my-zsh directory: /home/ankit/.oh-my-zsh
== list-themes 2020-11-10T10:33:45Z available themes: 
/home/ankit/.oh-my-zsh/themes/3den.zsh-theme
/home/ankit/.oh-my-zsh/themes/adben.zsh-theme
/home/ankit/.oh-my-zsh/themes/af-magic.zsh-theme
/home/ankit/.oh-my-zsh/themes/afowler.zsh-theme
/home/ankit/.oh-my-zsh/themes/agnoster.zsh-theme
/home/ankit/.oh-my-zsh/themes/alanpeabody.zsh-theme
/home/ankit/.oh-my-zsh/themes/amuse.zsh-theme
/home/ankit/.oh-my-zsh/themes/apple.zsh-theme
/home/ankit/.oh-my-zsh/themes/arrow.zsh-theme
/home/ankit/.oh-my-zsh/themes/aussiegeek.zsh-theme
/home/ankit/.oh-my-zsh/themes/avit.zsh-theme
/home/ankit/.oh-my-zsh/themes/awesomepanda.zsh-theme
/home/ankit/.oh-my-zsh/themes/bira.zsh-theme
/home/ankit/.oh-my-zsh/themes/blinks.zsh-theme
/home/ankit/.oh-my-zsh/themes/bullet-train.zsh-theme
/home/ankit/.oh-my-zsh/themes/bureau.zsh-theme
/home/ankit/.oh-my-zsh/themes/candy-kingdom.zsh-theme
/home/ankit/.oh-my-zsh/themes/candy.zsh-theme
/home/ankit/.oh-my-zsh/themes/clean.zsh-theme
/home/ankit/.oh-my-zsh/themes/cloud.zsh-theme
/home/ankit/.oh-my-zsh/themes/crcandy.zsh-theme
/home/ankit/.oh-my-zsh/themes/crunch.zsh-theme
/home/ankit/.oh-my-zsh/themes/custombira.zsh-theme
/home/ankit/.oh-my-zsh/themes/cypher.zsh-theme
/home/ankit/.oh-my-zsh/themes/dallas.zsh-theme
/home/ankit/.oh-my-zsh/themes/darkblood.zsh-theme
/home/ankit/.oh-my-zsh/themes/daveverwer.zsh-theme
/home/ankit/.oh-my-zsh/themes/dieter.zsh-theme
/home/ankit/.oh-my-zsh/themes/dogenpunk.zsh-theme
/home/ankit/.oh-my-zsh/themes/dpoggi.zsh-theme
/home/ankit/.oh-my-zsh/themes/dstufft.zsh-theme
/home/ankit/.oh-my-zsh/themes/dst.zsh-theme
/home/ankit/.oh-my-zsh/themes/duellj.zsh-theme
/home/ankit/.oh-my-zsh/themes/eastwood.zsh-theme
/home/ankit/.oh-my-zsh/themes/edvardm.zsh-theme
/home/ankit/.oh-my-zsh/themes/emotty.zsh-theme
/home/ankit/.oh-my-zsh/themes/essembeh.zsh-theme
/home/ankit/.oh-my-zsh/themes/evan.zsh-theme
/home/ankit/.oh-my-zsh/themes/fino-time.zsh-theme
/home/ankit/.oh-my-zsh/themes/fino.zsh-theme
/home/ankit/.oh-my-zsh/themes/fishy.zsh-theme
/home/ankit/.oh-my-zsh/themes/flazz.zsh-theme
/home/ankit/.oh-my-zsh/themes/fletcherm.zsh-theme
/home/ankit/.oh-my-zsh/themes/fox.zsh-theme
/home/ankit/.oh-my-zsh/themes/frisk.zsh-theme
/home/ankit/.oh-my-zsh/themes/frontcube.zsh-theme
/home/ankit/.oh-my-zsh/themes/funky.zsh-theme
/home/ankit/.oh-my-zsh/themes/fwalch.zsh-theme
/home/ankit/.oh-my-zsh/themes/gallifrey.zsh-theme
/home/ankit/.oh-my-zsh/themes/gallois.zsh-theme
/home/ankit/.oh-my-zsh/themes/garyblessington.zsh-theme
/home/ankit/.oh-my-zsh/themes/gentoo.zsh-theme
/home/ankit/.oh-my-zsh/themes/geoffgarside.zsh-theme
/home/ankit/.oh-my-zsh/themes/gianu.zsh-theme
/home/ankit/.oh-my-zsh/themes/gnzh.zsh-theme
/home/ankit/.oh-my-zsh/themes/gozilla.zsh-theme
/home/ankit/.oh-my-zsh/themes/half-life.zsh-theme
/home/ankit/.oh-my-zsh/themes/humza.zsh-theme
/home/ankit/.oh-my-zsh/themes/imajes.zsh-theme
/home/ankit/.oh-my-zsh/themes/intheloop.zsh-theme
/home/ankit/.oh-my-zsh/themes/itchy.zsh-theme
/home/ankit/.oh-my-zsh/themes/jaischeema.zsh-theme
/home/ankit/.oh-my-zsh/themes/jbergantine.zsh-theme
/home/ankit/.oh-my-zsh/themes/jispwoso.zsh-theme
/home/ankit/.oh-my-zsh/themes/jnrowe.zsh-theme
/home/ankit/.oh-my-zsh/themes/jonathan.zsh-theme
/home/ankit/.oh-my-zsh/themes/josh.zsh-theme
/home/ankit/.oh-my-zsh/themes/jreese.zsh-theme
/home/ankit/.oh-my-zsh/themes/jtriley.zsh-theme
/home/ankit/.oh-my-zsh/themes/juanghurtado.zsh-theme
/home/ankit/.oh-my-zsh/themes/junkfood.zsh-theme
/home/ankit/.oh-my-zsh/themes/kafeitu.zsh-theme
/home/ankit/.oh-my-zsh/themes/kardan.zsh-theme
/home/ankit/.oh-my-zsh/themes/kennethreitz.zsh-theme
/home/ankit/.oh-my-zsh/themes/kiwi.zsh-theme
/home/ankit/.oh-my-zsh/themes/kolo.zsh-theme
/home/ankit/.oh-my-zsh/themes/kphoen.zsh-theme
/home/ankit/.oh-my-zsh/themes/lambda.zsh-theme
/home/ankit/.oh-my-zsh/themes/linuxonly.zsh-theme
/home/ankit/.oh-my-zsh/themes/lukerandall.zsh-theme
/home/ankit/.oh-my-zsh/themes/macovsky-ruby.zsh-theme
/home/ankit/.oh-my-zsh/themes/macovsky.zsh-theme
/home/ankit/.oh-my-zsh/themes/maran.zsh-theme
/home/ankit/.oh-my-zsh/themes/mgutz.zsh-theme
/home/ankit/.oh-my-zsh/themes/mh.zsh-theme
/home/ankit/.oh-my-zsh/themes/michelebologna.zsh-theme
/home/ankit/.oh-my-zsh/themes/mikeh.zsh-theme
/home/ankit/.oh-my-zsh/themes/miloshadzic.zsh-theme
/home/ankit/.oh-my-zsh/themes/minimal.zsh-theme
/home/ankit/.oh-my-zsh/themes/mira.zsh-theme
/home/ankit/.oh-my-zsh/themes/mortalscumbag.zsh-theme
/home/ankit/.oh-my-zsh/themes/mrtazz.zsh-theme
/home/ankit/.oh-my-zsh/themes/murilasso.zsh-theme
/home/ankit/.oh-my-zsh/themes/muse.zsh-theme
/home/ankit/.oh-my-zsh/themes/nanotech.zsh-theme
/home/ankit/.oh-my-zsh/themes/nebirhos.zsh-theme
/home/ankit/.oh-my-zsh/themes/nicoulaj.zsh-theme
/home/ankit/.oh-my-zsh/themes/norm.zsh-theme
/home/ankit/.oh-my-zsh/themes/obraun.zsh-theme
/home/ankit/.oh-my-zsh/themes/peepcode.zsh-theme
/home/ankit/.oh-my-zsh/themes/philips.zsh-theme
/home/ankit/.oh-my-zsh/themes/pmcgee.zsh-theme
/home/ankit/.oh-my-zsh/themes/pygmalion-virtualenv.zsh-theme
/home/ankit/.oh-my-zsh/themes/pygmalion.zsh-theme
/home/ankit/.oh-my-zsh/themes/re5et.zsh-theme
/home/ankit/.oh-my-zsh/themes/refined.zsh-theme
/home/ankit/.oh-my-zsh/themes/rgm.zsh-theme
/home/ankit/.oh-my-zsh/themes/risto.zsh-theme
/home/ankit/.oh-my-zsh/themes/rixius.zsh-theme
/home/ankit/.oh-my-zsh/themes/rkj-repos.zsh-theme
/home/ankit/.oh-my-zsh/themes/rkj.zsh-theme
/home/ankit/.oh-my-zsh/themes/robbyrussell.zsh-theme
/home/ankit/.oh-my-zsh/themes/sammy.zsh-theme
/home/ankit/.oh-my-zsh/themes/simonoff.zsh-theme
/home/ankit/.oh-my-zsh/themes/simple.zsh-theme
/home/ankit/.oh-my-zsh/themes/skaro.zsh-theme
/home/ankit/.oh-my-zsh/themes/smt.zsh-theme
/home/ankit/.oh-my-zsh/themes/Soliah.zsh-theme
/home/ankit/.oh-my-zsh/themes/sonicradish.zsh-theme
/home/ankit/.oh-my-zsh/themes/sorin.zsh-theme
/home/ankit/.oh-my-zsh/themes/sporty_256.zsh-theme
/home/ankit/.oh-my-zsh/themes/steeef.zsh-theme
/home/ankit/.oh-my-zsh/themes/strug.zsh-theme
/home/ankit/.oh-my-zsh/themes/sunaku.zsh-theme
/home/ankit/.oh-my-zsh/themes/sunrise.zsh-theme
/home/ankit/.oh-my-zsh/themes/superjarin.zsh-theme
/home/ankit/.oh-my-zsh/themes/suvash.zsh-theme
/home/ankit/.oh-my-zsh/themes/takashiyoshida.zsh-theme
/home/ankit/.oh-my-zsh/themes/terminalparty.zsh-theme
/home/ankit/.oh-my-zsh/themes/theunraveler.zsh-theme
/home/ankit/.oh-my-zsh/themes/tjkirch_mod.zsh-theme
/home/ankit/.oh-my-zsh/themes/tjkirch.zsh-theme
/home/ankit/.oh-my-zsh/themes/tonotdo.zsh-theme
/home/ankit/.oh-my-zsh/themes/trapd00r.zsh-theme
/home/ankit/.oh-my-zsh/themes/wedisagree.zsh-theme
/home/ankit/.oh-my-zsh/themes/wezm.zsh-theme
/home/ankit/.oh-my-zsh/themes/wezm+.zsh-theme
/home/ankit/.oh-my-zsh/themes/wuffers.zsh-theme
/home/ankit/.oh-my-zsh/themes/xiong-chiamiov-plus.zsh-theme
/home/ankit/.oh-my-zsh/themes/xiong-chiamiov.zsh-theme
/home/ankit/.oh-my-zsh/themes/ys.zsh-theme
/home/ankit/.oh-my-zsh/themes/zhann.zsh-theme
== list-themes 2020-11-10T10:33:45Z Deployment END
== list-themes 2020-11-10T10:50:11Z oh-my-zsh directory: /home/ankit/.oh-my-zsh
== list-themes 2020-11-10T10:50:11Z available themes: 
- 
- 
- 
- 
- 
- 
- 
- 
- 
- 
- 
- 
- 
- 
- 
- 
- 
- 
- 
- 
- 
- 
- 
- 
- 
- 
- 
- 
- 
- 
- 
- 
- 
- 
- 
- 
- 
- 
- 
- 
- 
- 
- 
- 
- 
- 
- 
- 
- 
- 
- 
- 
- 
- 
- 
- 
- 
- 
- 
- 
- 
- 
- 
- 
- 
- 
- 
- 
- 
- 
- 
- 
- 
- 
- 
- 
- 
- 
- 
- 
- 
- 
- 
- 
- 
- 
- 
- 
- 
- 
- 
- 
- 
- 
- 
- 
- 
- 
- 
- 
- 
- 
- 
- 
- 
- 
- 
- 
- 
- 
- 
- 
- 
- 
- 
- 
- 
- 
- 
- 
- 
- 
- 
- 
- 
- 
- 
- 
- 
- 
- 
- 
- 
- 
- 
- 
- 
- 
- 
- 
- 
- 
== list-themes 2020-11-10T10:50:12Z Deployment END
== list-themes 2020-11-10T10:50:26Z oh-my-zsh directory: /home/ankit/.oh-my-zsh
== list-themes 2020-11-10T10:50:26Z available themes: 
-3den.zsh-theme
-adben.zsh-theme
-af-magic.zsh-theme
-afowler.zsh-theme
-agnoster.zsh-theme
-alanpeabody.zsh-theme
-amuse.zsh-theme
-apple.zsh-theme
-arrow.zsh-theme
-aussiegeek.zsh-theme
-avit.zsh-theme
-awesomepanda.zsh-theme
-bira.zsh-theme
-blinks.zsh-theme
-bullet-train.zsh-theme
-bureau.zsh-theme
-candy-kingdom.zsh-theme
-candy.zsh-theme
-clean.zsh-theme
-cloud.zsh-theme
-crcandy.zsh-theme
-crunch.zsh-theme
-custombira.zsh-theme
-cypher.zsh-theme
-dallas.zsh-theme
-darkblood.zsh-theme
-daveverwer.zsh-theme
-dieter.zsh-theme
-dogenpunk.zsh-theme
-dpoggi.zsh-theme
-dstufft.zsh-theme
-dst.zsh-theme
-duellj.zsh-theme
-eastwood.zsh-theme
-edvardm.zsh-theme
-emotty.zsh-theme
-essembeh.zsh-theme
-evan.zsh-theme
-fino-time.zsh-theme
-fino.zsh-theme
-fishy.zsh-theme
-flazz.zsh-theme
-fletcherm.zsh-theme
-fox.zsh-theme
-frisk.zsh-theme
-frontcube.zsh-theme
-funky.zsh-theme
-fwalch.zsh-theme
-gallifrey.zsh-theme
-gallois.zsh-theme
-garyblessington.zsh-theme
-gentoo.zsh-theme
-geoffgarside.zsh-theme
-gianu.zsh-theme
-gnzh.zsh-theme
-gozilla.zsh-theme
-half-life.zsh-theme
-humza.zsh-theme
-imajes.zsh-theme
-intheloop.zsh-theme
-itchy.zsh-theme
-jaischeema.zsh-theme
-jbergantine.zsh-theme
-jispwoso.zsh-theme
-jnrowe.zsh-theme
-jonathan.zsh-theme
-josh.zsh-theme
-jreese.zsh-theme
-jtriley.zsh-theme
-juanghurtado.zsh-theme
-junkfood.zsh-theme
-kafeitu.zsh-theme
-kardan.zsh-theme
-kennethreitz.zsh-theme
-kiwi.zsh-theme
-kolo.zsh-theme
-kphoen.zsh-theme
-lambda.zsh-theme
-linuxonly.zsh-theme
-lukerandall.zsh-theme
-macovsky-ruby.zsh-theme
-macovsky.zsh-theme
-maran.zsh-theme
-mgutz.zsh-theme
-mh.zsh-theme
-michelebologna.zsh-theme
-mikeh.zsh-theme
-miloshadzic.zsh-theme
-minimal.zsh-theme
-mira.zsh-theme
-mortalscumbag.zsh-theme
-mrtazz.zsh-theme
-murilasso.zsh-theme
-muse.zsh-theme
-nanotech.zsh-theme
-nebirhos.zsh-theme
-nicoulaj.zsh-theme
-norm.zsh-theme
-obraun.zsh-theme
-peepcode.zsh-theme
-philips.zsh-theme
-pmcgee.zsh-theme
-pygmalion-virtualenv.zsh-theme
-pygmalion.zsh-theme
-re5et.zsh-theme
-refined.zsh-theme
-rgm.zsh-theme
-risto.zsh-theme
-rixius.zsh-theme
-rkj-repos.zsh-theme
-rkj.zsh-theme
-robbyrussell.zsh-theme
-sammy.zsh-theme
-simonoff.zsh-theme
-simple.zsh-theme
-skaro.zsh-theme
-smt.zsh-theme
-Soliah.zsh-theme
-sonicradish.zsh-theme
-sorin.zsh-theme
-sporty_256.zsh-theme
-steeef.zsh-theme
-strug.zsh-theme
-sunaku.zsh-theme
-sunrise.zsh-theme
-superjarin.zsh-theme
-suvash.zsh-theme
-takashiyoshida.zsh-theme
-terminalparty.zsh-theme
-theunraveler.zsh-theme
-tjkirch_mod.zsh-theme
-tjkirch.zsh-theme
-tonotdo.zsh-theme
-trapd00r.zsh-theme
-wedisagree.zsh-theme
-wezm.zsh-theme
-wezm+.zsh-theme
-wuffers.zsh-theme
-xiong-chiamiov-plus.zsh-theme
-xiong-chiamiov.zsh-theme
-ys.zsh-theme
-zhann.zsh-theme
== list-themes 2020-11-10T10:50:26Z Deployment END
== list-themes 2020-11-10T10:50:57Z oh-my-zsh directory: /home/ankit/.oh-my-zsh
== list-themes 2020-11-10T10:50:57Z available themes: 
-3den
-adben
-af-magic
-afowler
-agnoster
-alanpeabody
-amuse
-apple
-arrow
-aussiegeek
-avit
-awesomepanda
-bira
-blinks
-bullet-train
-bureau
-candy-kingdom
-candy
-clean
-cloud
-crcandy
-crunch
-custombira
-cypher
-dallas
-darkblood
-daveverwer
-dieter
-dogenpunk
-dpoggi
-dstufft
-dst
-duellj
-eastwood
-edvardm
-emotty
-essembeh
-evan
-fino-time
-fino
-fishy
-flazz
-fletcherm
-fox
-frisk
-frontcube
-funky
-fwalch
-gallifrey
-gallois
-garyblessington
-gentoo
-geoffgarside
-gianu
-gnzh
-gozilla
-half-life
-humza
-imajes
-intheloop
-itchy
-jaischeema
-jbergantine
-jispwoso
-jnrowe
-jonathan
-josh
-jreese
-jtriley
-juanghurtado
-junkfood
-kafeitu
-kardan
-kennethreitz
-kiwi
-kolo
-kphoen
-lambda
-linuxonly
-lukerandall
-macovsky-ruby
-macovsky
-maran
-mgutz
-mh
-michelebologna
-mikeh
-miloshadzic
-minimal
-mira
-mortalscumbag
-mrtazz
-murilasso
-muse
-nanotech
-nebirhos
-nicoulaj
-norm
-obraun
-peepcode
-philips
-pmcgee
-pygmalion-virtualenv
-pygmalion
-re5et
-refined
-rgm
-risto
-rixius
-rkj-repos
-rkj
-robbyrussell
-sammy
-simonoff
-simple
-skaro
-smt
-Soliah
-sonicradish
-sorin
-sporty_256
-steeef
-strug
-sunaku
-sunrise
-superjarin
-suvash
-takashiyoshida
-terminalparty
-theunraveler
-tjkirch_mod
-tjkirch
-tonotdo
-trapd00r
-wedisagree
-wezm
-wezm+
-wuffers
-xiong-chiamiov-plus
-xiong-chiamiov
-ys
-zhann
== list-themes 2020-11-10T10:50:57Z Deployment END
